<?xml version="1.0" encoding="UTF-8"?>
<!-- Generated by org.testng.reporters.JUnitXMLReporter -->
<testsuite hostname="DESKTOP-IUMP8HU" ignored="4" name="Ecommerce Home" tests="3" failures="0" timestamp="28 Sep 2020 15:22:06 GMT" time="70.3" errors="0">
  <testcase name="testPagetitle" time="0.406" classname="page_objects_test.HomePageTest"/>
  <testcase name="testCheckboxButton" time="1.527" classname="page_objects_test.CheckBoxPageTest"/>
  <testcase name="testbasicAuthButton" time="0.867" classname="page_objects_test.BasicAuthPageTest"/>
  <testcase name="@BeforeSuite extentSetup" time="0.0" classname="browserdriver.BrowserDriver">
    <ignored/>
  </testcase> <!-- @BeforeSuite extentSetup -->
  <testcase name="@BeforeSuite extentSetup" time="0.0" classname="browserdriver.BrowserDriver">
    <ignored/>
  </testcase> <!-- @BeforeSuite extentSetup -->
  <testcase name="@AfterSuite generateReport" time="0.0" classname="browserdriver.BrowserDriver">
    <ignored/>
  </testcase> <!-- @AfterSuite generateReport -->
  <testcase name="@AfterSuite generateReport" time="0.0" classname="browserdriver.BrowserDriver">
    <ignored/>
  </testcase> <!-- @AfterSuite generateReport -->
</testsuite> <!-- Ecommerce Home -->
